<?xml version="1.0" encoding="UTF-8"?>
<testng-results skipped="0" failed="0" ignored="0" total="1" passed="1">
  <reporter-output>
  </reporter-output>
  <suite name="Default suite" duration-ms="16052" started-at="2019-12-04T15:01:57Z" finished-at="2019-12-04T15:02:13Z">
    <groups>
    </groups>
    <test name="Default test" duration-ms="16052" started-at="2019-12-04T15:01:57Z" finished-at="2019-12-04T15:02:13Z">
      <class name="com.inetbanking.testCase.TC_LoginTest_001">
        <test-method status="PASS" signature="setup()[pri:0, instance:com.inetbanking.testCase.TC_LoginTest_001@77caeb3e]" name="setup" is-config="true" duration-ms="5257" started-at="2019-12-04T15:01:57Z" finished-at="2019-12-04T15:02:02Z">
          <reporter-output>
          </reporter-output>
        </test-method> <!-- setup -->
        <test-method status="PASS" signature="loginTest()[pri:0, instance:com.inetbanking.testCase.TC_LoginTest_001@77caeb3e]" name="loginTest" duration-ms="9977" started-at="2019-12-04T15:02:02Z" finished-at="2019-12-04T15:02:12Z">
          <reporter-output>
          </reporter-output>
        </test-method> <!-- loginTest -->
        <test-method status="PASS" signature="tearDown()[pri:0, instance:com.inetbanking.testCase.TC_LoginTest_001@77caeb3e]" name="tearDown" is-config="true" duration-ms="792" started-at="2019-12-04T15:02:12Z" finished-at="2019-12-04T15:02:13Z">
          <reporter-output>
          </reporter-output>
        </test-method> <!-- tearDown -->
      </class> <!-- com.inetbanking.testCase.TC_LoginTest_001 -->
    </test> <!-- Default test -->
  </suite> <!-- Default suite -->
</testng-results>
